# JRE version: OpenJDK Runtime Environment Temurin-17.0.18+8 (17.0.18+8) (build 17.0.18+8)
# Java VM: OpenJDK 64-Bit Server VM Temurin-17.0.18+8 (17.0.18+8, mixed mode, sharing, tiered, compressed oops, compressed class ptrs, serial gc, windows-amd64)
GC Precious Log:
 CPUs: 12 total, 12 available
 Memory: 16026M
 Large Page Support: Disabled
 NUMA Support: Disabled
 Compressed Oops: Enabled (32-bit)
 Heap Min Capacity: 8M
 Heap Initial Capacity: 252M
 Heap Max Capacity: 512M
 Pre-touch: Disabled
Heap:
 def new generation   total 77760K, used 32426K [0x00000000e0000000, 0x00000000e5450000, 0x00000000eaaa0000)
  eden space 69184K,  40% used [0x00000000e0000000, 0x00000000e1b681e8, 0x00000000e4390000)
  from space 8576K,  50% used [0x00000000e4390000, 0x00000000e47d29f0, 0x00000000e4bf0000)
  to   space 8576K,   0% used [0x00000000e4bf0000, 0x00000000e4bf0000, 0x00000000e5450000)
 tenured generation   total 172032K, used 64296K [0x00000000eaaa0000, 0x00000000f52a0000, 0x0000000100000000)
   the space 172032K,  37% used [0x00000000eaaa0000, 0x00000000ee96a328, 0x00000000ee96a400, 0x00000000f52a0000)
 Metaspace       used 68147K, committed 68736K, reserved 278528K
  class space    used 9349K, committed 9600K, reserved 212992K
GC Heap History (20 events):
Event: 2.994 GC heap before
{Heap before GC invocations=4 (full 1):
 def new generation   total 77568K, used 68992K [0x00000000e0000000, 0x00000000e5420000, 0x00000000eaaa0000)
  eden space 68992K, 100% used [0x00000000e0000000, 0x00000000e4360000, 0x00000000e4360000)
  from space 8576K,   0% used [0x00000000e4360000, 0x00000000e4360000, 0x00000000e4bc0000)
  to   space 8576K,   0% used [0x00000000e4bc0000, 0x00000000e4bc0000, 0x00000000e5420000)
 tenured generation   total 172032K, used 22245K [0x00000000eaaa0000, 0x00000000f52a0000, 0x0000000100000000)
   the space 172032K,  12% used [0x00000000eaaa0000, 0x00000000ec059580, 0x00000000ec059600, 0x00000000f52a0000)
 Metaspace       used 31482K, committed 31872K, reserved 278528K
  class space    used 4443K, committed 4608K, reserved 212992K
}
Event: 3.003 GC heap after
{Heap after GC invocations=5 (full 1):
 def new generation   total 77568K, used 4853K [0x00000000e0000000, 0x00000000e5420000, 0x00000000eaaa0000)
  eden space 68992K,   0% used [0x00000000e0000000, 0x00000000e0000000, 0x00000000e4360000)
  from space 8576K,  56% used [0x00000000e4bc0000, 0x00000000e507d758, 0x00000000e5420000)
  to   space 8576K,   0% used [0x00000000e4360000, 0x00000000e4360000, 0x00000000e4bc0000)
 tenured generation   total 172032K, used 22245K [0x00000000eaaa0000, 0x00000000f52a0000, 0x0000000100000000)
   the space 172032K,  12% used [0x00000000eaaa0000, 0x00000000ec059580, 0x00000000ec059600, 0x00000000f52a0000)
 Metaspace       used 31482K, committed 31872K, reserved 278528K
  class space    used 4443K, committed 4608K, reserved 212992K
}
Event: 3.326 GC heap before
{Heap before GC invocations=5 (full 1):
 def new generation   total 77568K, used 54285K [0x00000000e0000000, 0x00000000e5420000, 0x00000000eaaa0000)
  eden space 68992K,  71% used [0x00000000e0000000, 0x00000000e3045f88, 0x00000000e4360000)
  from space 8576K,  56% used [0x00000000e4bc0000, 0x00000000e507d758, 0x00000000e5420000)
  to   space 8576K,   0% used [0x00000000e4360000, 0x00000000e4360000, 0x00000000e4bc0000)
 tenured generation   total 172032K, used 22245K [0x00000000eaaa0000, 0x00000000f52a0000, 0x0000000100000000)
   the space 172032K,  12% used [0x00000000eaaa0000, 0x00000000ec059580, 0x00000000ec059600, 0x00000000f52a0000)
 Metaspace       used 35410K, committed 35840K, reserved 278528K
  class space    used 4940K, committed 5184K, reserved 212992K
}
Event: 3.373 GC heap after
{Heap after GC invocations=6 (full 2):
 def new generation   total 77568K, used 0K [0x00000000e0000000, 0x00000000e5420000, 0x00000000eaaa0000)
  eden space 68992K,   0% used [0x00000000e0000000, 0x00000000e0000000, 0x00000000e4360000)
  from space 8576K,   0% used [0x00000000e4bc0000, 0x00000000e4bc0000, 0x00000000e5420000)
  to   space 8576K,   0% used [0x00000000e4360000, 0x00000000e4360000, 0x00000000e4bc0000)
 tenured generation   total 172032K, used 30139K [0x00000000eaaa0000, 0x00000000f52a0000, 0x0000000100000000)
   the space 172032K,  17% used [0x00000000eaaa0000, 0x00000000ec80ee30, 0x00000000ec80f000, 0x00000000f52a0000)
 Metaspace       used 35410K, committed 35840K, reserved 278528K
  class space    used 4940K, committed 5184K, reserved 212992K
}
Event: 3.914 GC heap before
{Heap before GC invocations=6 (full 2):
 def new generation   total 77568K, used 68992K [0x00000000e0000000, 0x00000000e5420000, 0x00000000eaaa0000)
  eden space 68992K, 100% used [0x00000000e0000000, 0x00000000e4360000, 0x00000000e4360000)
  from space 8576K,   0% used [0x00000000e4bc0000, 0x00000000e4bc0000, 0x00000000e5420000)
  to   space 8576K,   0% used [0x00000000e4360000, 0x00000000e4360000, 0x00000000e4bc0000)
 tenured generation   total 172032K, used 30139K [0x00000000eaaa0000, 0x00000000f52a0000, 0x0000000100000000)
   the space 172032K,  17% used [0x00000000eaaa0000, 0x00000000ec80ee30, 0x00000000ec80f000, 0x00000000f52a0000)
 Metaspace       used 42446K, committed 43008K, reserved 278528K
  class space    used 5890K, committed 6144K, reserved 212992K
}
Event: 3.922 GC heap after
{Heap after GC invocations=7 (full 2):
 def new generation   total 77568K, used 3693K [0x00000000e0000000, 0x00000000e5420000, 0x00000000eaaa0000)
  eden space 68992K,   0% used [0x00000000e0000000, 0x00000000e0000000, 0x00000000e4360000)
  from space 8576K,  43% used [0x00000000e4360000, 0x00000000e46fb6b0, 0x00000000e4bc0000)
  to   space 8576K,   0% used [0x00000000e4bc0000, 0x00000000e4bc0000, 0x00000000e5420000)
 tenured generation   total 172032K, used 30139K [0x00000000eaaa0000, 0x00000000f52a0000, 0x0000000100000000)
   the space 172032K,  17% used [0x00000000eaaa0000, 0x00000000ec80ee30, 0x00000000ec80f000, 0x00000000f52a0000)
 Metaspace       used 42446K, committed 43008K, reserved 278528K
  class space    used 5890K, committed 6144K, reserved 212992K
}
Event: 4.540 GC heap before
{Heap before GC invocations=7 (full 2):
 def new generation   total 77568K, used 72684K [0x00000000e0000000, 0x00000000e5420000, 0x00000000eaaa0000)
  eden space 68992K,  99% used [0x00000000e0000000, 0x00000000e435fd28, 0x00000000e4360000)
  from space 8576K,  43% used [0x00000000e4360000, 0x00000000e46fb6b0, 0x00000000e4bc0000)
  to   space 8576K,   0% used [0x00000000e4bc0000, 0x00000000e4bc0000, 0x00000000e5420000)
 tenured generation   total 172032K, used 30139K [0x00000000eaaa0000, 0x00000000f52a0000, 0x0000000100000000)
   the space 172032K,  17% used [0x00000000eaaa0000, 0x00000000ec80ee30, 0x00000000ec80f000, 0x00000000f52a0000)
 Metaspace       used 46581K, committed 47104K, reserved 278528K
  class space    used 6492K, committed 6720K, reserved 212992K
}
Event: 4.554 GC heap after
{Heap after GC invocations=8 (full 2):
 def new generation   total 77568K, used 7794K [0x00000000e0000000, 0x00000000e5420000, 0x00000000eaaa0000)
  eden space 68992K,   0% used [0x00000000e0000000, 0x00000000e0000000, 0x00000000e4360000)
  from space 8576K,  90% used [0x00000000e4bc0000, 0x00000000e535c868, 0x00000000e5420000)
  to   space 8576K,   0% used [0x00000000e4360000, 0x00000000e4360000, 0x00000000e4bc0000)
 tenured generation   total 172032K, used 30139K [0x00000000eaaa0000, 0x00000000f52a0000, 0x0000000100000000)
   the space 172032K,  17% used [0x00000000eaaa0000, 0x00000000ec80ee30, 0x00000000ec80f000, 0x00000000f52a0000)
 Metaspace       used 46581K, committed 47104K, reserved 278528K
  class space    used 6492K, committed 6720K, reserved 212992K
}
Event: 4.726 GC heap before
{Heap before GC invocations=8 (full 2):
 def new generation   total 77568K, used 76786K [0x00000000e0000000, 0x00000000e5420000, 0x00000000eaaa0000)
  eden space 68992K, 100% used [0x00000000e0000000, 0x00000000e4360000, 0x00000000e4360000)
  from space 8576K,  90% used [0x00000000e4bc0000, 0x00000000e535c868, 0x00000000e5420000)
  to   space 8576K,   0% used [0x00000000e4360000, 0x00000000e4360000, 0x00000000e4bc0000)
 tenured generation   total 172032K, used 30139K [0x00000000eaaa0000, 0x00000000f52a0000, 0x0000000100000000)
   the space 172032K,  17% used [0x00000000eaaa0000, 0x00000000ec80ee30, 0x00000000ec80f000, 0x00000000f52a0000)
 Metaspace       used 46987K, committed 47424K, reserved 278528K
  class space    used 6493K, committed 6720K, reserved 212992K
}
Event: 4.743 GC heap after
{Heap after GC invocations=9 (full 2):
 def new generation   total 77568K, used 6095K [0x00000000e0000000, 0x00000000e5420000, 0x00000000eaaa0000)
  eden space 68992K,   0% used [0x00000000e0000000, 0x00000000e0000000, 0x00000000e4360000)
  from space 8576K,  71% used [0x00000000e4360000, 0x00000000e4953f68, 0x00000000e4bc0000)
  to   space 8576K,   0% used [0x00000000e4bc0000, 0x00000000e4bc0000, 0x00000000e5420000)
 tenured generation   total 172032K, used 33731K [0x00000000eaaa0000, 0x00000000f52a0000, 0x0000000100000000)
   the space 172032K,  19% used [0x00000000eaaa0000, 0x00000000ecb90f60, 0x00000000ecb91000, 0x00000000f52a0000)
 Metaspace       used 46987K, committed 47424K, reserved 278528K
  class space    used 6493K, committed 6720K, reserved 212992K
}
Event: 5.211 GC heap before
{Heap before GC invocations=9 (full 2):
 def new generation   total 77568K, used 75087K [0x00000000e0000000, 0x00000000e5420000, 0x00000000eaaa0000)
  eden space 68992K, 100% used [0x00000000e0000000, 0x00000000e4360000, 0x00000000e4360000)
  from space 8576K,  71% used [0x00000000e4360000, 0x00000000e4953f68, 0x00000000e4bc0000)
  to   space 8576K,   0% used [0x00000000e4bc0000, 0x00000000e4bc0000, 0x00000000e5420000)
 tenured generation   total 172032K, used 33731K [0x00000000eaaa0000, 0x00000000f52a0000, 0x0000000100000000)
   the space 172032K,  19% used [0x00000000eaaa0000, 0x00000000ecb90f60, 0x00000000ecb91000, 0x00000000f52a0000)
 Metaspace       used 50943K, committed 51456K, reserved 278528K
  class space    used 7143K, committed 7360K, reserved 212992K
}
Event: 5.232 GC heap after
{Heap after GC invocations=10 (full 2):
 def new generation   total 77568K, used 8576K [0x00000000e0000000, 0x00000000e5420000, 0x00000000eaaa0000)
  eden space 68992K,   0% used [0x00000000e0000000, 0x00000000e0000000, 0x00000000e4360000)
  from space 8576K, 100% used [0x00000000e4bc0000, 0x00000000e5420000, 0x00000000e5420000)
  to   space 8576K,   0% used [0x00000000e4360000, 0x00000000e4360000, 0x00000000e4bc0000)
 tenured generation   total 172032K, used 42283K [0x00000000eaaa0000, 0x00000000f52a0000, 0x0000000100000000)
   the space 172032K,  24% used [0x00000000eaaa0000, 0x00000000ed3eae38, 0x00000000ed3eb000, 0x00000000f52a0000)
 Metaspace       used 50943K, committed 51456K, reserved 278528K
  class space    used 7143K, committed 7360K, reserved 212992K
}
Event: 5.566 GC heap before
{Heap before GC invocations=10 (full 2):
 def new generation   total 77568K, used 77568K [0x00000000e0000000, 0x00000000e5420000, 0x00000000eaaa0000)
  eden space 68992K, 100% used [0x00000000e0000000, 0x00000000e4360000, 0x00000000e4360000)
  from space 8576K, 100% used [0x00000000e4bc0000, 0x00000000e5420000, 0x00000000e5420000)
  to   space 8576K,   0% used [0x00000000e4360000, 0x00000000e4360000, 0x00000000e4bc0000)
 tenured generation   total 172032K, used 42283K [0x00000000eaaa0000, 0x00000000f52a0000, 0x0000000100000000)
   the space 172032K,  24% used [0x00000000eaaa0000, 0x00000000ed3eae38, 0x00000000ed3eb000, 0x00000000f52a0000)
 Metaspace       used 53864K, committed 54400K, reserved 278528K
  class space    used 7502K, committed 7744K, reserved 212992K
}
Event: 5.580 GC heap after
{Heap after GC invocations=11 (full 2):
 def new generation   total 77568K, used 3288K [0x00000000e0000000, 0x00000000e5420000, 0x00000000eaaa0000)
  eden space 68992K,   0% used [0x00000000e0000000, 0x00000000e0000000, 0x00000000e4360000)
  from space 8576K,  38% used [0x00000000e4360000, 0x00000000e4696190, 0x00000000e4bc0000)
  to   space 8576K,   0% used [0x00000000e4bc0000, 0x00000000e4bc0000, 0x00000000e5420000)
 tenured generation   total 172032K, used 50773K [0x00000000eaaa0000, 0x00000000f52a0000, 0x0000000100000000)
   the space 172032K,  29% used [0x00000000eaaa0000, 0x00000000edc355e0, 0x00000000edc35600, 0x00000000f52a0000)
 Metaspace       used 53864K, committed 54400K, reserved 278528K
  class space    used 7502K, committed 7744K, reserved 212992K
}
Event: 6.029 GC heap before
{Heap before GC invocations=11 (full 2):
 def new generation   total 77568K, used 64091K [0x00000000e0000000, 0x00000000e5420000, 0x00000000eaaa0000)
  eden space 68992K,  88% used [0x00000000e0000000, 0x00000000e3b60b90, 0x00000000e4360000)
  from space 8576K,  38% used [0x00000000e4360000, 0x00000000e4696190, 0x00000000e4bc0000)
  to   space 8576K,   0% used [0x00000000e4bc0000, 0x00000000e4bc0000, 0x00000000e5420000)
 tenured generation   total 172032K, used 50773K [0x00000000eaaa0000, 0x00000000f52a0000, 0x0000000100000000)
   the space 172032K,  29% used [0x00000000eaaa0000, 0x00000000edc355e0, 0x00000000edc35600, 0x00000000f52a0000)
 Metaspace       used 59282K, committed 59776K, reserved 278528K
  class space    used 8143K, committed 8384K, reserved 212992K
}
Event: 6.106 GC heap after
{Heap after GC invocations=12 (full 3):
 def new generation   total 77760K, used 0K [0x00000000e0000000, 0x00000000e5450000, 0x00000000eaaa0000)
  eden space 69184K,   0% used [0x00000000e0000000, 0x00000000e0000000, 0x00000000e4390000)
  from space 8576K,   0% used [0x00000000e4390000, 0x00000000e4390000, 0x00000000e4bf0000)
  to   space 8576K,   0% used [0x00000000e4bf0000, 0x00000000e4bf0000, 0x00000000e5450000)
 tenured generation   total 172032K, used 58063K [0x00000000eaaa0000, 0x00000000f52a0000, 0x0000000100000000)
   the space 172032K,  33% used [0x00000000eaaa0000, 0x00000000ee353de0, 0x00000000ee353e00, 0x00000000f52a0000)
 Metaspace       used 59275K, committed 59776K, reserved 278528K
  class space    used 8141K, committed 8384K, reserved 212992K
}
Event: 6.585 GC heap before
{Heap before GC invocations=12 (full 3):
 def new generation   total 77760K, used 69184K [0x00000000e0000000, 0x00000000e5450000, 0x00000000eaaa0000)
  eden space 69184K, 100% used [0x00000000e0000000, 0x00000000e4390000, 0x00000000e4390000)
  from space 8576K,   0% used [0x00000000e4390000, 0x00000000e4390000, 0x00000000e4bf0000)
  to   space 8576K,   0% used [0x00000000e4bf0000, 0x00000000e4bf0000, 0x00000000e5450000)
 tenured generation   total 172032K, used 58063K [0x00000000eaaa0000, 0x00000000f52a0000, 0x0000000100000000)
   the space 172032K,  33% used [0x00000000eaaa0000, 0x00000000ee353de0, 0x00000000ee353e00, 0x00000000f52a0000)
 Metaspace       used 64658K, committed 65216K, reserved 278528K
  class space    used 8901K, committed 9152K, reserved 212992K
}
Event: 6.597 GC heap after
{Heap after GC invocations=13 (full 3):
 def new generation   total 77760K, used 6354K [0x00000000e0000000, 0x00000000e5450000, 0x00000000eaaa0000)
  eden space 69184K,   0% used [0x00000000e0000000, 0x00000000e0000000, 0x00000000e4390000)
  from space 8576K,  74% used [0x00000000e4bf0000, 0x00000000e5224a60, 0x00000000e5450000)
  to   space 8576K,   0% used [0x00000000e4390000, 0x00000000e4390000, 0x00000000e4bf0000)
 tenured generation   total 172032K, used 58063K [0x00000000eaaa0000, 0x00000000f52a0000, 0x0000000100000000)
   the space 172032K,  33% used [0x00000000eaaa0000, 0x00000000ee353de0, 0x00000000ee353e00, 0x00000000f52a0000)
 Metaspace       used 64658K, committed 65216K, reserved 278528K
  class space    used 8901K, committed 9152K, reserved 212992K
}
Event: 7.068 GC heap before
{Heap before GC invocations=13 (full 3):
 def new generation   total 77760K, used 75538K [0x00000000e0000000, 0x00000000e5450000, 0x00000000eaaa0000)
  eden space 69184K, 100% used [0x00000000e0000000, 0x00000000e4390000, 0x00000000e4390000)
  from space 8576K,  74% used [0x00000000e4bf0000, 0x00000000e5224a60, 0x00000000e5450000)
  to   space 8576K,   0% used [0x00000000e4390000, 0x00000000e4390000, 0x00000000e4bf0000)
 tenured generation   total 172032K, used 58063K [0x00000000eaaa0000, 0x00000000f52a0000, 0x0000000100000000)
   the space 172032K,  33% used [0x00000000eaaa0000, 0x00000000ee353de0, 0x00000000ee353e00, 0x00000000f52a0000)
 Metaspace       used 67831K, committed 68352K, reserved 278528K
  class space    used 9297K, committed 9536K, reserved 212992K
}
Event: 7.084 GC heap after
{Heap after GC invocations=14 (full 3):
 def new generation   total 77760K, used 4362K [0x00000000e0000000, 0x00000000e5450000, 0x00000000eaaa0000)
  eden space 69184K,   0% used [0x00000000e0000000, 0x00000000e0000000, 0x00000000e4390000)
  from space 8576K,  50% used [0x00000000e4390000, 0x00000000e47d29f0, 0x00000000e4bf0000)
  to   space 8576K,   0% used [0x00000000e4bf0000, 0x00000000e4bf0000, 0x00000000e5450000)
 tenured generation   total 172032K, used 64296K [0x00000000eaaa0000, 0x00000000f52a0000, 0x0000000100000000)
   the space 172032K,  37% used [0x00000000eaaa0000, 0x00000000ee96a328, 0x00000000ee96a400, 0x00000000f52a0000)
 Metaspace       used 67831K, committed 68352K, reserved 278528K
  class space    used 9297K, committed 9536K, reserved 212992K
}

