# JRE version: OpenJDK Runtime Environment Temurin-17.0.18+8 (17.0.18+8) (build 17.0.18+8)
# Java VM: OpenJDK 64-Bit Server VM Temurin-17.0.18+8 (17.0.18+8, mixed mode, sharing, tiered, compressed oops, compressed class ptrs, serial gc, windows-amd64)
GC Precious Log:
 CPUs: 12 total, 12 available
 Memory: 16026M
 Large Page Support: Disabled
 NUMA Support: Disabled
 Compressed Oops: Enabled (32-bit)
 Heap Min Capacity: 8M
 Heap Initial Capacity: 252M
 Heap Max Capacity: 512M
 Pre-touch: Disabled
Heap:
 def new generation   total 77440K, used 36346K [0x00000000e0000000, 0x00000000e5400000, 0x00000000eaaa0000)
  eden space 68864K,  41% used [0x00000000e0000000, 0x00000000e1bbd298, 0x00000000e4340000)
  from space 8576K,  92% used [0x00000000e4340000, 0x00000000e4b018a0, 0x00000000e4ba0000)
  to   space 8576K,   0% used [0x00000000e4ba0000, 0x00000000e4ba0000, 0x00000000e5400000)
 tenured generation   total 172032K, used 10261K [0x00000000eaaa0000, 0x00000000f52a0000, 0x0000000100000000)
   the space 172032K,   5% used [0x00000000eaaa0000, 0x00000000eb4a5410, 0x00000000eb4a5600, 0x00000000f52a0000)
 Metaspace       used 15050K, committed 15360K, reserved 278528K
  class space    used 2067K, committed 2240K, reserved 212992K
GC Heap History (4 events):
Event: 0.633 GC heap before
{Heap before GC invocations=0 (full 0):
 def new generation   total 77440K, used 68864K [0x00000000e0000000, 0x00000000e5400000, 0x00000000eaaa0000)
  eden space 68864K, 100% used [0x00000000e0000000, 0x00000000e4340000, 0x00000000e4340000)
  from space 8576K,   0% used [0x00000000e4340000, 0x00000000e4340000, 0x00000000e4ba0000)
  to   space 8576K,   0% used [0x00000000e4ba0000, 0x00000000e4ba0000, 0x00000000e5400000)
 tenured generation   total 172032K, used 0K [0x00000000eaaa0000, 0x00000000f52a0000, 0x0000000100000000)
   the space 172032K,   0% used [0x00000000eaaa0000, 0x00000000eaaa0000, 0x00000000eaaa0200, 0x00000000f52a0000)
 Metaspace       used 4359K, committed 4544K, reserved 278528K
  class space    used 541K, committed 640K, reserved 212992K
}
Event: 0.643 GC heap after
{Heap after GC invocations=1 (full 0):
 def new generation   total 77440K, used 8576K [0x00000000e0000000, 0x00000000e5400000, 0x00000000eaaa0000)
  eden space 68864K,   0% used [0x00000000e0000000, 0x00000000e0000000, 0x00000000e4340000)
  from space 8576K, 100% used [0x00000000e4ba0000, 0x00000000e5400000, 0x00000000e5400000)
  to   space 8576K,   0% used [0x00000000e4340000, 0x00000000e4340000, 0x00000000e4ba0000)
 tenured generation   total 172032K, used 1827K [0x00000000eaaa0000, 0x00000000f52a0000, 0x0000000100000000)
   the space 172032K,   1% used [0x00000000eaaa0000, 0x00000000eac68f30, 0x00000000eac69000, 0x00000000f52a0000)
 Metaspace       used 4359K, committed 4544K, reserved 278528K
  class space    used 541K, committed 640K, reserved 212992K
}
Event: 1.281 GC heap before
{Heap before GC invocations=1 (full 0):
 def new generation   total 77440K, used 77440K [0x00000000e0000000, 0x00000000e5400000, 0x00000000eaaa0000)
  eden space 68864K, 100% used [0x00000000e0000000, 0x00000000e4340000, 0x00000000e4340000)
  from space 8576K, 100% used [0x00000000e4ba0000, 0x00000000e5400000, 0x00000000e5400000)
  to   space 8576K,   0% used [0x00000000e4340000, 0x00000000e4340000, 0x00000000e4ba0000)
 tenured generation   total 172032K, used 1827K [0x00000000eaaa0000, 0x00000000f52a0000, 0x0000000100000000)
   the space 172032K,   1% used [0x00000000eaaa0000, 0x00000000eac68f30, 0x00000000eac69000, 0x00000000f52a0000)
 Metaspace       used 10515K, committed 10752K, reserved 278528K
  class space    used 1404K, committed 1536K, reserved 212992K
}
Event: 1.298 GC heap after
{Heap after GC invocations=2 (full 0):
 def new generation   total 77440K, used 7942K [0x00000000e0000000, 0x00000000e5400000, 0x00000000eaaa0000)
  eden space 68864K,   0% used [0x00000000e0000000, 0x00000000e0000000, 0x00000000e4340000)
  from space 8576K,  92% used [0x00000000e4340000, 0x00000000e4b018a0, 0x00000000e4ba0000)
  to   space 8576K,   0% used [0x00000000e4ba0000, 0x00000000e4ba0000, 0x00000000e5400000)
 tenured generation   total 172032K, used 10261K [0x00000000eaaa0000, 0x00000000f52a0000, 0x0000000100000000)
   the space 172032K,   5% used [0x00000000eaaa0000, 0x00000000eb4a5410, 0x00000000eb4a5600, 0x00000000f52a0000)
 Metaspace       used 10515K, committed 10752K, reserved 278528K
  class space    used 1404K, committed 1536K, reserved 212992K
}

