# JRE version: OpenJDK Runtime Environment Temurin-17.0.18+8 (17.0.18+8) (build 17.0.18+8)
# Java VM: OpenJDK 64-Bit Server VM Temurin-17.0.18+8 (17.0.18+8, mixed mode, sharing, tiered, compressed oops, compressed class ptrs, serial gc, windows-amd64)
GC Precious Log:
 CPUs: 12 total, 12 available
 Memory: 16026M
 Large Page Support: Disabled
 NUMA Support: Disabled
 Compressed Oops: Enabled (32-bit)
 Heap Min Capacity: 8M
 Heap Initial Capacity: 252M
 Heap Max Capacity: 512M
 Pre-touch: Disabled
Heap:
 def new generation   total 77568K, used 47278K [0x00000000e0000000, 0x00000000e5420000, 0x00000000eaaa0000)
  eden space 68992K,  68% used [0x00000000e0000000, 0x00000000e2e2ba30, 0x00000000e4360000)
  from space 8576K,   0% used [0x00000000e4bc0000, 0x00000000e4bc0000, 0x00000000e5420000)
  to   space 8576K,   0% used [0x00000000e4360000, 0x00000000e4360000, 0x00000000e4bc0000)
 tenured generation   total 172032K, used 30143K [0x00000000eaaa0000, 0x00000000f52a0000, 0x0000000100000000)
   the space 172032K,  17% used [0x00000000eaaa0000, 0x00000000ec80ff98, 0x00000000ec810000, 0x00000000f52a0000)
 Metaspace       used 39985K, committed 40448K, reserved 278528K
  class space    used 5553K, committed 5760K, reserved 212992K
GC Heap History (12 events):
Event: 0.663 GC heap before
{Heap before GC invocations=0 (full 0):
 def new generation   total 77440K, used 68864K [0x00000000e0000000, 0x00000000e5400000, 0x00000000eaaa0000)
  eden space 68864K, 100% used [0x00000000e0000000, 0x00000000e4340000, 0x00000000e4340000)
  from space 8576K,   0% used [0x00000000e4340000, 0x00000000e4340000, 0x00000000e4ba0000)
  to   space 8576K,   0% used [0x00000000e4ba0000, 0x00000000e4ba0000, 0x00000000e5400000)
 tenured generation   total 172032K, used 0K [0x00000000eaaa0000, 0x00000000f52a0000, 0x0000000100000000)
   the space 172032K,   0% used [0x00000000eaaa0000, 0x00000000eaaa0000, 0x00000000eaaa0200, 0x00000000f52a0000)
 Metaspace       used 4355K, committed 4544K, reserved 278528K
  class space    used 541K, committed 640K, reserved 212992K
}
Event: 0.672 GC heap after
{Heap after GC invocations=1 (full 0):
 def new generation   total 77440K, used 8576K [0x00000000e0000000, 0x00000000e5400000, 0x00000000eaaa0000)
  eden space 68864K,   0% used [0x00000000e0000000, 0x00000000e0000000, 0x00000000e4340000)
  from space 8576K, 100% used [0x00000000e4ba0000, 0x00000000e5400000, 0x00000000e5400000)
  to   space 8576K,   0% used [0x00000000e4340000, 0x00000000e4340000, 0x00000000e4ba0000)
 tenured generation   total 172032K, used 1826K [0x00000000eaaa0000, 0x00000000f52a0000, 0x0000000100000000)
   the space 172032K,   1% used [0x00000000eaaa0000, 0x00000000eac68b48, 0x00000000eac68c00, 0x00000000f52a0000)
 Metaspace       used 4355K, committed 4544K, reserved 278528K
  class space    used 541K, committed 640K, reserved 212992K
}
Event: 1.440 GC heap before
{Heap before GC invocations=1 (full 0):
 def new generation   total 77440K, used 77440K [0x00000000e0000000, 0x00000000e5400000, 0x00000000eaaa0000)
  eden space 68864K, 100% used [0x00000000e0000000, 0x00000000e4340000, 0x00000000e4340000)
  from space 8576K, 100% used [0x00000000e4ba0000, 0x00000000e5400000, 0x00000000e5400000)
  to   space 8576K,   0% used [0x00000000e4340000, 0x00000000e4340000, 0x00000000e4ba0000)
 tenured generation   total 172032K, used 1826K [0x00000000eaaa0000, 0x00000000f52a0000, 0x0000000100000000)
   the space 172032K,   1% used [0x00000000eaaa0000, 0x00000000eac68b48, 0x00000000eac68c00, 0x00000000f52a0000)
 Metaspace       used 10388K, committed 10560K, reserved 278528K
  class space    used 1392K, committed 1472K, reserved 212992K
}
Event: 1.456 GC heap after
{Heap after GC invocations=2 (full 0):
 def new generation   total 77440K, used 7935K [0x00000000e0000000, 0x00000000e5400000, 0x00000000eaaa0000)
  eden space 68864K,   0% used [0x00000000e0000000, 0x00000000e0000000, 0x00000000e4340000)
  from space 8576K,  92% used [0x00000000e4340000, 0x00000000e4affe48, 0x00000000e4ba0000)
  to   space 8576K,   0% used [0x00000000e4ba0000, 0x00000000e4ba0000, 0x00000000e5400000)
 tenured generation   total 172032K, used 10260K [0x00000000eaaa0000, 0x00000000f52a0000, 0x0000000100000000)
   the space 172032K,   5% used [0x00000000eaaa0000, 0x00000000eb4a50d0, 0x00000000eb4a5200, 0x00000000f52a0000)
 Metaspace       used 10388K, committed 10560K, reserved 278528K
  class space    used 1392K, committed 1472K, reserved 212992K
}
Event: 2.167 GC heap before
{Heap before GC invocations=2 (full 0):
 def new generation   total 77440K, used 76799K [0x00000000e0000000, 0x00000000e5400000, 0x00000000eaaa0000)
  eden space 68864K, 100% used [0x00000000e0000000, 0x00000000e4340000, 0x00000000e4340000)
  from space 8576K,  92% used [0x00000000e4340000, 0x00000000e4affe48, 0x00000000e4ba0000)
  to   space 8576K,   0% used [0x00000000e4ba0000, 0x00000000e4ba0000, 0x00000000e5400000)
 tenured generation   total 172032K, used 10260K [0x00000000eaaa0000, 0x00000000f52a0000, 0x0000000100000000)
   the space 172032K,   5% used [0x00000000eaaa0000, 0x00000000eb4a50d0, 0x00000000eb4a5200, 0x00000000f52a0000)
 Metaspace       used 19724K, committed 20032K, reserved 278528K
  class space    used 2857K, committed 3008K, reserved 212992K
}
Event: 2.183 GC heap after
{Heap after GC invocations=3 (full 0):
 def new generation   total 77440K, used 3772K [0x00000000e0000000, 0x00000000e5400000, 0x00000000eaaa0000)
  eden space 68864K,   0% used [0x00000000e0000000, 0x00000000e0000000, 0x00000000e4340000)
  from space 8576K,  43% used [0x00000000e4ba0000, 0x00000000e4f4f060, 0x00000000e5400000)
  to   space 8576K,   0% used [0x00000000e4340000, 0x00000000e4340000, 0x00000000e4ba0000)
 tenured generation   total 172032K, used 18078K [0x00000000eaaa0000, 0x00000000f52a0000, 0x0000000100000000)
   the space 172032K,  10% used [0x00000000eaaa0000, 0x00000000ebc478d8, 0x00000000ebc47a00, 0x00000000f52a0000)
 Metaspace       used 19724K, committed 20032K, reserved 278528K
  class space    used 2857K, committed 3008K, reserved 212992K
}
Event: 2.286 GC heap before
{Heap before GC invocations=3 (full 0):
 def new generation   total 77440K, used 16075K [0x00000000e0000000, 0x00000000e5400000, 0x00000000eaaa0000)
  eden space 68864K,  17% used [0x00000000e0000000, 0x00000000e0c03c78, 0x00000000e4340000)
  from space 8576K,  43% used [0x00000000e4ba0000, 0x00000000e4f4f060, 0x00000000e5400000)
  to   space 8576K,   0% used [0x00000000e4340000, 0x00000000e4340000, 0x00000000e4ba0000)
 tenured generation   total 172032K, used 18078K [0x00000000eaaa0000, 0x00000000f52a0000, 0x0000000100000000)
   the space 172032K,  10% used [0x00000000eaaa0000, 0x00000000ebc478d8, 0x00000000ebc47a00, 0x00000000f52a0000)
 Metaspace       used 21181K, committed 21504K, reserved 278528K
  class space    used 3085K, committed 3264K, reserved 212992K
}
Event: 2.313 GC heap after
{Heap after GC invocations=4 (full 1):
 def new generation   total 77568K, used 0K [0x00000000e0000000, 0x00000000e5420000, 0x00000000eaaa0000)
  eden space 68992K,   0% used [0x00000000e0000000, 0x00000000e0000000, 0x00000000e4360000)
  from space 8576K,   0% used [0x00000000e4360000, 0x00000000e4360000, 0x00000000e4bc0000)
  to   space 8576K,   0% used [0x00000000e4bc0000, 0x00000000e4bc0000, 0x00000000e5420000)
 tenured generation   total 172032K, used 22249K [0x00000000eaaa0000, 0x00000000f52a0000, 0x0000000100000000)
   the space 172032K,  12% used [0x00000000eaaa0000, 0x00000000ec05a790, 0x00000000ec05a800, 0x00000000f52a0000)
 Metaspace       used 21181K, committed 21504K, reserved 278528K
  class space    used 3085K, committed 3264K, reserved 212992K
}
Event: 2.987 GC heap before
{Heap before GC invocations=4 (full 1):
 def new generation   total 77568K, used 68992K [0x00000000e0000000, 0x00000000e5420000, 0x00000000eaaa0000)
  eden space 68992K, 100% used [0x00000000e0000000, 0x00000000e4360000, 0x00000000e4360000)
  from space 8576K,   0% used [0x00000000e4360000, 0x00000000e4360000, 0x00000000e4bc0000)
  to   space 8576K,   0% used [0x00000000e4bc0000, 0x00000000e4bc0000, 0x00000000e5420000)
 tenured generation   total 172032K, used 22249K [0x00000000eaaa0000, 0x00000000f52a0000, 0x0000000100000000)
   the space 172032K,  12% used [0x00000000eaaa0000, 0x00000000ec05a790, 0x00000000ec05a800, 0x00000000f52a0000)
 Metaspace       used 31492K, committed 31872K, reserved 278528K
  class space    used 4448K, committed 4608K, reserved 212992K
}
Event: 2.996 GC heap after
{Heap after GC invocations=5 (full 1):
 def new generation   total 77568K, used 4981K [0x00000000e0000000, 0x00000000e5420000, 0x00000000eaaa0000)
  eden space 68992K,   0% used [0x00000000e0000000, 0x00000000e0000000, 0x00000000e4360000)
  from space 8576K,  58% used [0x00000000e4bc0000, 0x00000000e509d5c0, 0x00000000e5420000)
  to   space 8576K,   0% used [0x00000000e4360000, 0x00000000e4360000, 0x00000000e4bc0000)
 tenured generation   total 172032K, used 22249K [0x00000000eaaa0000, 0x00000000f52a0000, 0x0000000100000000)
   the space 172032K,  12% used [0x00000000eaaa0000, 0x00000000ec05a790, 0x00000000ec05a800, 0x00000000f52a0000)
 Metaspace       used 31492K, committed 31872K, reserved 278528K
  class space    used 4448K, committed 4608K, reserved 212992K
}
Event: 3.319 GC heap before
{Heap before GC invocations=5 (full 1):
 def new generation   total 77568K, used 54314K [0x00000000e0000000, 0x00000000e5420000, 0x00000000eaaa0000)
  eden space 68992K,  71% used [0x00000000e0000000, 0x00000000e302d480, 0x00000000e4360000)
  from space 8576K,  58% used [0x00000000e4bc0000, 0x00000000e509d5c0, 0x00000000e5420000)
  to   space 8576K,   0% used [0x00000000e4360000, 0x00000000e4360000, 0x00000000e4bc0000)
 tenured generation   total 172032K, used 22249K [0x00000000eaaa0000, 0x00000000f52a0000, 0x0000000100000000)
   the space 172032K,  12% used [0x00000000eaaa0000, 0x00000000ec05a790, 0x00000000ec05a800, 0x00000000f52a0000)
 Metaspace       used 35425K, committed 35840K, reserved 278528K
  class space    used 4947K, committed 5184K, reserved 212992K
}
Event: 3.368 GC heap after
{Heap after GC invocations=6 (full 2):
 def new generation   total 77568K, used 0K [0x00000000e0000000, 0x00000000e5420000, 0x00000000eaaa0000)
  eden space 68992K,   0% used [0x00000000e0000000, 0x00000000e0000000, 0x00000000e4360000)
  from space 8576K,   0% used [0x00000000e4bc0000, 0x00000000e4bc0000, 0x00000000e5420000)
  to   space 8576K,   0% used [0x00000000e4360000, 0x00000000e4360000, 0x00000000e4bc0000)
 tenured generation   total 172032K, used 30143K [0x00000000eaaa0000, 0x00000000f52a0000, 0x0000000100000000)
   the space 172032K,  17% used [0x00000000eaaa0000, 0x00000000ec80ff98, 0x00000000ec810000, 0x00000000f52a0000)
 Metaspace       used 35425K, committed 35840K, reserved 278528K
  class space    used 4947K, committed 5184K, reserved 212992K
}

