# JRE version: OpenJDK Runtime Environment Temurin-17.0.18+8 (17.0.18+8) (build 17.0.18+8)
# Java VM: OpenJDK 64-Bit Server VM Temurin-17.0.18+8 (17.0.18+8, mixed mode, sharing, tiered, compressed oops, compressed class ptrs, g1 gc, windows-amd64)
GC Precious Log:
 CPUs: 12 total, 12 available
 Memory: 16026M
 Large Page Support: Disabled
 NUMA Support: Disabled
 Compressed Oops: Enabled (32-bit)
 Heap Region Size: 1M
 Heap Min Capacity: 8M
 Heap Initial Capacity: 252M
 Heap Max Capacity: 2G
 Pre-touch: Disabled
 Parallel Workers: 10
 Concurrent Workers: 3
 Concurrent Refinement Workers: 10
 Periodic GC: Disabled
Heap:
 garbage-first heap   total 343040K, used 85825K [0x0000000080000000, 0x0000000100000000)
  region size 1024K, 32 young (32768K), 10 survivors (10240K)
 Metaspace       used 61379K, committed 61824K, reserved 1114112K
  class space    used 8053K, committed 8256K, reserved 1048576K
GC Heap History (20 events):
Event: 87.754 GC heap before
{Heap before GC invocations=35 (full 0):
 garbage-first heap   total 172032K, used 145288K [0x0000000080000000, 0x0000000100000000)
  region size 1024K, 91 young (93184K), 6 survivors (6144K)
 Metaspace       used 61098K, committed 61568K, reserved 1114112K
  class space    used 8039K, committed 8256K, reserved 1048576K
}
Event: 87.756 GC heap after
{Heap after GC invocations=36 (full 0):
 garbage-first heap   total 219136K, used 60772K [0x0000000080000000, 0x0000000100000000)
  region size 1024K, 7 young (7168K), 7 survivors (7168K)
 Metaspace       used 61098K, committed 61568K, reserved 1114112K
  class space    used 8039K, committed 8256K, reserved 1048576K
}
Event: 87.822 GC heap before
{Heap before GC invocations=36 (full 0):
 garbage-first heap   total 219136K, used 185700K [0x0000000080000000, 0x0000000100000000)
  region size 1024K, 129 young (132096K), 7 survivors (7168K)
 Metaspace       used 61122K, committed 61632K, reserved 1114112K
  class space    used 8039K, committed 8256K, reserved 1048576K
}
Event: 87.824 GC heap after
{Heap after GC invocations=37 (full 0):
 garbage-first heap   total 219136K, used 60717K [0x0000000080000000, 0x0000000100000000)
  region size 1024K, 8 young (8192K), 8 survivors (8192K)
 Metaspace       used 61122K, committed 61632K, reserved 1114112K
  class space    used 8039K, committed 8256K, reserved 1048576K
}
Event: 87.884 GC heap before
{Heap before GC invocations=37 (full 0):
 garbage-first heap   total 219136K, used 183597K [0x0000000080000000, 0x0000000100000000)
  region size 1024K, 128 young (131072K), 8 survivors (8192K)
 Metaspace       used 61124K, committed 61632K, reserved 1114112K
  class space    used 8039K, committed 8256K, reserved 1048576K
}
Event: 87.886 GC heap after
{Heap after GC invocations=38 (full 0):
 garbage-first heap   total 219136K, used 60613K [0x0000000080000000, 0x0000000100000000)
  region size 1024K, 8 young (8192K), 8 survivors (8192K)
 Metaspace       used 61124K, committed 61632K, reserved 1114112K
  class space    used 8039K, committed 8256K, reserved 1048576K
}
Event: 87.943 GC heap before
{Heap before GC invocations=38 (full 0):
 garbage-first heap   total 219136K, used 182469K [0x0000000080000000, 0x0000000100000000)
  region size 1024K, 128 young (131072K), 8 survivors (8192K)
 Metaspace       used 61126K, committed 61632K, reserved 1114112K
  class space    used 8039K, committed 8256K, reserved 1048576K
}
Event: 87.945 GC heap after
{Heap after GC invocations=39 (full 0):
 garbage-first heap   total 219136K, used 60164K [0x0000000080000000, 0x0000000100000000)
  region size 1024K, 7 young (7168K), 7 survivors (7168K)
 Metaspace       used 61126K, committed 61632K, reserved 1114112K
  class space    used 8039K, committed 8256K, reserved 1048576K
}
Event: 88.001 GC heap before
{Heap before GC invocations=39 (full 0):
 garbage-first heap   total 219136K, used 183044K [0x0000000080000000, 0x0000000100000000)
  region size 1024K, 128 young (131072K), 7 survivors (7168K)
 Metaspace       used 61132K, committed 61632K, reserved 1114112K
  class space    used 8039K, committed 8256K, reserved 1048576K
}
Event: 88.004 GC heap after
{Heap after GC invocations=40 (full 0):
 garbage-first heap   total 285696K, used 60741K [0x0000000080000000, 0x0000000100000000)
  region size 1024K, 8 young (8192K), 8 survivors (8192K)
 Metaspace       used 61132K, committed 61632K, reserved 1114112K
  class space    used 8039K, committed 8256K, reserved 1048576K
}
Event: 88.092 GC heap before
{Heap before GC invocations=40 (full 0):
 garbage-first heap   total 285696K, used 222533K [0x0000000080000000, 0x0000000100000000)
  region size 1024K, 167 young (171008K), 8 survivors (8192K)
 Metaspace       used 61144K, committed 61632K, reserved 1114112K
  class space    used 8039K, committed 8256K, reserved 1048576K
}
Event: 88.094 GC heap after
{Heap after GC invocations=41 (full 0):
 garbage-first heap   total 285696K, used 59488K [0x0000000080000000, 0x0000000100000000)
  region size 1024K, 6 young (6144K), 6 survivors (6144K)
 Metaspace       used 61144K, committed 61632K, reserved 1114112K
  class space    used 8039K, committed 8256K, reserved 1048576K
}
Event: 88.190 GC heap before
{Heap before GC invocations=41 (full 0):
 garbage-first heap   total 285696K, used 225376K [0x0000000080000000, 0x0000000100000000)
  region size 1024K, 167 young (171008K), 6 survivors (6144K)
 Metaspace       used 61160K, committed 61632K, reserved 1114112K
  class space    used 8039K, committed 8256K, reserved 1048576K
}
Event: 88.192 GC heap after
{Heap after GC invocations=42 (full 0):
 garbage-first heap   total 285696K, used 62914K [0x0000000080000000, 0x0000000100000000)
  region size 1024K, 8 young (8192K), 8 survivors (8192K)
 Metaspace       used 61160K, committed 61632K, reserved 1114112K
  class space    used 8039K, committed 8256K, reserved 1048576K
}
Event: 88.279 GC heap before
{Heap before GC invocations=42 (full 0):
 garbage-first heap   total 285696K, used 224706K [0x0000000080000000, 0x0000000100000000)
  region size 1024K, 168 young (172032K), 8 survivors (8192K)
 Metaspace       used 61169K, committed 61632K, reserved 1114112K
  class space    used 8039K, committed 8256K, reserved 1048576K
}
Event: 88.281 GC heap after
{Heap after GC invocations=43 (full 0):
 garbage-first heap   total 285696K, used 62388K [0x0000000080000000, 0x0000000100000000)
  region size 1024K, 8 young (8192K), 8 survivors (8192K)
 Metaspace       used 61169K, committed 61632K, reserved 1114112K
  class space    used 8039K, committed 8256K, reserved 1048576K
}
Event: 88.373 GC heap before
{Heap before GC invocations=43 (full 0):
 garbage-first heap   total 285696K, used 224180K [0x0000000080000000, 0x0000000100000000)
  region size 1024K, 167 young (171008K), 8 survivors (8192K)
 Metaspace       used 61178K, committed 61632K, reserved 1114112K
  class space    used 8039K, committed 8256K, reserved 1048576K
}
Event: 88.376 GC heap after
{Heap after GC invocations=44 (full 0):
 garbage-first heap   total 343040K, used 63272K [0x0000000080000000, 0x0000000100000000)
  region size 1024K, 9 young (9216K), 9 survivors (9216K)
 Metaspace       used 61178K, committed 61632K, reserved 1114112K
  class space    used 8039K, committed 8256K, reserved 1048576K
}
Event: 88.503 GC heap before
{Heap before GC invocations=44 (full 0):
 garbage-first heap   total 343040K, used 258856K [0x0000000080000000, 0x0000000100000000)
  region size 1024K, 201 young (205824K), 9 survivors (9216K)
 Metaspace       used 61335K, committed 61824K, reserved 1114112K
  class space    used 8053K, committed 8256K, reserved 1048576K
}
Event: 88.506 GC heap after
{Heap after GC invocations=45 (full 0):
 garbage-first heap   total 343040K, used 64124K [0x0000000080000000, 0x0000000100000000)
  region size 1024K, 9 young (9216K), 9 survivors (9216K)
 Metaspace       used 61335K, committed 61824K, reserved 1114112K
  class space    used 8053K, committed 8256K, reserved 1048576K
}

