# JRE version: OpenJDK Runtime Environment Temurin-17.0.18+8 (17.0.18+8) (build 17.0.18+8)
# Java VM: OpenJDK 64-Bit Server VM Temurin-17.0.18+8 (17.0.18+8, mixed mode, sharing, tiered, compressed oops, compressed class ptrs, g1 gc, windows-amd64)
GC Precious Log:
 CPUs: 12 total, 12 available
 Memory: 16026M
 Large Page Support: Disabled
 NUMA Support: Disabled
 Compressed Oops: Enabled (32-bit)
 Heap Region Size: 1M
 Heap Min Capacity: 8M
 Heap Initial Capacity: 252M
 Heap Max Capacity: 2G
 Pre-touch: Disabled
 Parallel Workers: 10
 Concurrent Workers: 3
 Concurrent Refinement Workers: 10
 Periodic GC: Disabled
Heap:
 garbage-first heap   total 184320K, used 105574K [0x0000000080000000, 0x0000000100000000)
  region size 1024K, 1 young (1024K), 1 survivors (1024K)
 Metaspace       used 88755K, committed 89472K, reserved 1179648K
  class space    used 12082K, committed 12416K, reserved 1048576K
GC Heap History (20 events):
Event: 70.334 GC heap after
{Heap after GC invocations=36 (full 0):
 garbage-first heap   total 152576K, used 77809K [0x0000000080000000, 0x0000000100000000)
  region size 1024K, 6 young (6144K), 6 survivors (6144K)
 Metaspace       used 73223K, committed 73856K, reserved 1114112K
  class space    used 10185K, committed 10496K, reserved 1048576K
}
Event: 70.341 GC heap before
{Heap before GC invocations=36 (full 0):
 garbage-first heap   total 152576K, used 77809K [0x0000000080000000, 0x0000000100000000)
  region size 1024K, 7 young (7168K), 6 survivors (6144K)
 Metaspace       used 73333K, committed 73920K, reserved 1114112K
  class space    used 10201K, committed 10496K, reserved 1048576K
}
Event: 70.344 GC heap after
{Heap after GC invocations=37 (full 0):
 garbage-first heap   total 152576K, used 77995K [0x0000000080000000, 0x0000000100000000)
  region size 1024K, 1 young (1024K), 1 survivors (1024K)
 Metaspace       used 73333K, committed 73920K, reserved 1114112K
  class space    used 10201K, committed 10496K, reserved 1048576K
}
Event: 70.677 GC heap before
{Heap before GC invocations=37 (full 0):
 garbage-first heap   total 152576K, used 125099K [0x0000000080000000, 0x0000000100000000)
  region size 1024K, 47 young (48128K), 1 survivors (1024K)
 Metaspace       used 77550K, committed 78144K, reserved 1179648K
  class space    used 10821K, committed 11072K, reserved 1048576K
}
Event: 70.679 GC heap after
{Heap after GC invocations=38 (full 0):
 garbage-first heap   total 152576K, used 79168K [0x0000000080000000, 0x0000000100000000)
  region size 1024K, 3 young (3072K), 3 survivors (3072K)
 Metaspace       used 77550K, committed 78144K, reserved 1179648K
  class space    used 10821K, committed 11072K, reserved 1048576K
}
Event: 71.048 GC heap before
{Heap before GC invocations=39 (full 0):
 garbage-first heap   total 152576K, used 125248K [0x0000000080000000, 0x0000000100000000)
  region size 1024K, 48 young (49152K), 3 survivors (3072K)
 Metaspace       used 81771K, committed 82432K, reserved 1179648K
  class space    used 11461K, committed 11776K, reserved 1048576K
}
Event: 71.051 GC heap after
{Heap after GC invocations=40 (full 0):
 garbage-first heap   total 152576K, used 82370K [0x0000000080000000, 0x0000000100000000)
  region size 1024K, 6 young (6144K), 6 survivors (6144K)
 Metaspace       used 81771K, committed 82432K, reserved 1179648K
  class space    used 11461K, committed 11776K, reserved 1048576K
}
Event: 71.061 GC heap before
{Heap before GC invocations=40 (full 0):
 garbage-first heap   total 152576K, used 83394K [0x0000000080000000, 0x0000000100000000)
  region size 1024K, 7 young (7168K), 6 survivors (6144K)
 Metaspace       used 81956K, committed 82624K, reserved 1179648K
  class space    used 11486K, committed 11840K, reserved 1048576K
}
Event: 71.064 GC heap after
{Heap after GC invocations=41 (full 0):
 garbage-first heap   total 152576K, used 82946K [0x0000000080000000, 0x0000000100000000)
  region size 1024K, 1 young (1024K), 1 survivors (1024K)
 Metaspace       used 81956K, committed 82624K, reserved 1179648K
  class space    used 11486K, committed 11840K, reserved 1048576K
}
Event: 71.461 GC heap before
{Heap before GC invocations=41 (full 0):
 garbage-first heap   total 152576K, used 125954K [0x0000000080000000, 0x0000000100000000)
  region size 1024K, 43 young (44032K), 1 survivors (1024K)
 Metaspace       used 82397K, committed 83072K, reserved 1179648K
  class space    used 11527K, committed 11840K, reserved 1048576K
}
Event: 71.464 GC heap after
{Heap after GC invocations=42 (full 0):
 garbage-first heap   total 152576K, used 85619K [0x0000000080000000, 0x0000000100000000)
  region size 1024K, 4 young (4096K), 4 survivors (4096K)
 Metaspace       used 82397K, committed 83072K, reserved 1179648K
  class space    used 11527K, committed 11840K, reserved 1048576K
}
Event: 71.933 GC heap before
{Heap before GC invocations=43 (full 0):
 garbage-first heap   total 162816K, used 129651K [0x0000000080000000, 0x0000000100000000)
  region size 1024K, 43 young (44032K), 4 survivors (4096K)
 Metaspace       used 85274K, committed 86016K, reserved 1179648K
  class space    used 11754K, committed 12096K, reserved 1048576K
}
Event: 71.936 GC heap after
{Heap after GC invocations=44 (full 0):
 garbage-first heap   total 162816K, used 88397K [0x0000000080000000, 0x0000000100000000)
  region size 1024K, 3 young (3072K), 3 survivors (3072K)
 Metaspace       used 85274K, committed 86016K, reserved 1179648K
  class space    used 11754K, committed 12096K, reserved 1048576K
}
Event: 71.978 GC heap before
{Heap before GC invocations=44 (full 0):
 garbage-first heap   total 162816K, used 92493K [0x0000000080000000, 0x0000000100000000)
  region size 1024K, 7 young (7168K), 3 survivors (3072K)
 Metaspace       used 85307K, committed 86016K, reserved 1179648K
  class space    used 11754K, committed 12096K, reserved 1048576K
}
Event: 71.981 GC heap after
{Heap after GC invocations=45 (full 0):
 garbage-first heap   total 162816K, used 88696K [0x0000000080000000, 0x0000000100000000)
  region size 1024K, 1 young (1024K), 1 survivors (1024K)
 Metaspace       used 85307K, committed 86016K, reserved 1179648K
  class space    used 11754K, committed 12096K, reserved 1048576K
}
Event: 72.490 GC heap before
{Heap before GC invocations=45 (full 0):
 garbage-first heap   total 162816K, used 133752K [0x0000000080000000, 0x0000000100000000)
  region size 1024K, 46 young (47104K), 1 survivors (1024K)
 Metaspace       used 86259K, committed 86976K, reserved 1179648K
  class space    used 11835K, committed 12160K, reserved 1048576K
}
Event: 72.494 GC heap after
{Heap after GC invocations=46 (full 0):
 garbage-first heap   total 162816K, used 97586K [0x0000000080000000, 0x0000000100000000)
  region size 1024K, 6 young (6144K), 6 survivors (6144K)
 Metaspace       used 86259K, committed 86976K, reserved 1179648K
  class space    used 11835K, committed 12160K, reserved 1048576K
}
Event: 72.727 GC heap before
{Heap before GC invocations=47 (full 0):
 garbage-first heap   total 184320K, used 143666K [0x0000000080000000, 0x0000000100000000)
  region size 1024K, 42 young (43008K), 6 survivors (6144K)
 Metaspace       used 88565K, committed 89280K, reserved 1179648K
  class space    used 12062K, committed 12416K, reserved 1048576K
}
Event: 72.732 GC heap after
{Heap after GC invocations=48 (full 0):
 garbage-first heap   total 184320K, used 105221K [0x0000000080000000, 0x0000000100000000)
  region size 1024K, 6 young (6144K), 6 survivors (6144K)
 Metaspace       used 88565K, committed 89280K, reserved 1179648K
  class space    used 12062K, committed 12416K, reserved 1048576K
}
Event: 72.742 GC heap before
{Heap before GC invocations=48 (full 0):
 garbage-first heap   total 184320K, used 107269K [0x0000000080000000, 0x0000000100000000)
  region size 1024K, 9 young (9216K), 6 survivors (6144K)
 Metaspace       used 88755K, committed 89472K, reserved 1179648K
  class space    used 12082K, committed 12416K, reserved 1048576K
}

