# JRE version: OpenJDK Runtime Environment Temurin-17.0.18+8 (17.0.18+8) (build 17.0.18+8)
# Java VM: OpenJDK 64-Bit Server VM Temurin-17.0.18+8 (17.0.18+8, mixed mode, sharing, tiered, compressed oops, compressed class ptrs, g1 gc, windows-amd64)
GC Precious Log:
 CPUs: 12 total, 12 available
 Memory: 16026M
 Large Page Support: Disabled
 NUMA Support: Disabled
 Compressed Oops: Enabled (32-bit)
 Heap Region Size: 1M
 Heap Min Capacity: 64M
 Heap Initial Capacity: 64M
 Heap Max Capacity: 64M
 Pre-touch: Disabled
 Parallel Workers: 10
 Concurrent Workers: 3
 Concurrent Refinement Workers: 10
 Periodic GC: Disabled
Heap:
 garbage-first heap   total 65536K, used 33709K [0x00000000fc000000, 0x0000000100000000)
  region size 1024K, 25 young (25600K), 5 survivors (5120K)
 Metaspace       used 16664K, committed 16896K, reserved 1114112K
  class space    used 2049K, committed 2176K, reserved 1048576K
GC Heap History (6 events):
Event: 2.562 GC heap before
{Heap before GC invocations=0 (full 0):
 garbage-first heap   total 65536K, used 22528K [0x00000000fc000000, 0x0000000100000000)
  region size 1024K, 23 young (23552K), 0 survivors (0K)
 Metaspace       used 8642K, committed 8704K, reserved 1114112K
  class space    used 925K, committed 960K, reserved 1048576K
}
Event: 2.568 GC heap after
{Heap after GC invocations=1 (full 0):
 garbage-first heap   total 65536K, used 3952K [0x00000000fc000000, 0x0000000100000000)
  region size 1024K, 3 young (3072K), 3 survivors (3072K)
 Metaspace       used 8642K, committed 8704K, reserved 1114112K
  class space    used 925K, committed 960K, reserved 1048576K
}
Event: 5.409 GC heap before
{Heap before GC invocations=1 (full 0):
 garbage-first heap   total 65536K, used 29552K [0x00000000fc000000, 0x0000000100000000)
  region size 1024K, 29 young (29696K), 3 survivors (3072K)
 Metaspace       used 9119K, committed 9280K, reserved 1114112K
  class space    used 966K, committed 1088K, reserved 1048576K
}
Event: 5.413 GC heap after
{Heap after GC invocations=2 (full 0):
 garbage-first heap   total 65536K, used 4900K [0x00000000fc000000, 0x0000000100000000)
  region size 1024K, 1 young (1024K), 1 survivors (1024K)
 Metaspace       used 9119K, committed 9280K, reserved 1114112K
  class space    used 966K, committed 1088K, reserved 1048576K
}
Event: 5.896 GC heap before
{Heap before GC invocations=2 (full 0):
 garbage-first heap   total 65536K, used 44836K [0x00000000fc000000, 0x0000000100000000)
  region size 1024K, 38 young (38912K), 1 survivors (1024K)
 Metaspace       used 15037K, committed 15232K, reserved 1114112K
  class space    used 1862K, committed 1984K, reserved 1048576K
}
Event: 5.899 GC heap after
{Heap after GC invocations=3 (full 0):
 garbage-first heap   total 65536K, used 14253K [0x00000000fc000000, 0x0000000100000000)
  region size 1024K, 5 young (5120K), 5 survivors (5120K)
 Metaspace       used 15037K, committed 15232K, reserved 1114112K
  class space    used 1862K, committed 1984K, reserved 1048576K
}

