# JRE version: OpenJDK Runtime Environment Temurin-17.0.18+8 (17.0.18+8) (build 17.0.18+8)
# Java VM: OpenJDK 64-Bit Server VM Temurin-17.0.18+8 (17.0.18+8, mixed mode, sharing, tiered, compressed oops, compressed class ptrs, g1 gc, windows-amd64)
GC Precious Log:
 CPUs: 12 total, 12 available
 Memory: 16026M
 Large Page Support: Disabled
 NUMA Support: Disabled
 Compressed Oops: Enabled (32-bit)
 Heap Region Size: 1M
 Heap Min Capacity: 8M
 Heap Initial Capacity: 252M
 Heap Max Capacity: 1536M
 Pre-touch: Disabled
 Parallel Workers: 10
 Concurrent Workers: 3
 Concurrent Refinement Workers: 10
 Periodic GC: Disabled
Heap:
 garbage-first heap   total 393216K, used 319712K [0x00000000a0000000, 0x0000000100000000)
  region size 1024K, 151 young (154624K), 15 survivors (15360K)
 Metaspace       used 112879K, committed 113728K, reserved 1179648K
  class space    used 14745K, committed 15168K, reserved 1048576K
GC Heap History (20 events):
Event: 98.907 GC heap before
{Heap before GC invocations=60 (full 0):
 garbage-first heap   total 393216K, used 325128K [0x00000000a0000000, 0x0000000100000000)
  region size 1024K, 191 young (195584K), 22 survivors (22528K)
 Metaspace       used 98979K, committed 99712K, reserved 1179648K
  class space    used 13204K, committed 13568K, reserved 1048576K
}
Event: 98.914 GC heap after
{Heap after GC invocations=61 (full 0):
 garbage-first heap   total 393216K, used 156109K [0x00000000a0000000, 0x0000000100000000)
  region size 1024K, 14 young (14336K), 14 survivors (14336K)
 Metaspace       used 98979K, committed 99712K, reserved 1179648K
  class space    used 13204K, committed 13568K, reserved 1048576K
}
Event: 103.979 GC heap before
{Heap before GC invocations=61 (full 0):
 garbage-first heap   total 393216K, used 328141K [0x00000000a0000000, 0x0000000100000000)
  region size 1024K, 182 young (186368K), 14 survivors (14336K)
 Metaspace       used 101872K, committed 102656K, reserved 1179648K
  class space    used 13508K, committed 13888K, reserved 1048576K
}
Event: 103.985 GC heap after
{Heap after GC invocations=62 (full 0):
 garbage-first heap   total 393216K, used 160635K [0x00000000a0000000, 0x0000000100000000)
  region size 1024K, 11 young (11264K), 11 survivors (11264K)
 Metaspace       used 101872K, committed 102656K, reserved 1179648K
  class space    used 13508K, committed 13888K, reserved 1048576K
}
Event: 105.870 GC heap before
{Heap before GC invocations=62 (full 0):
 garbage-first heap   total 393216K, used 327547K [0x00000000a0000000, 0x0000000100000000)
  region size 1024K, 174 young (178176K), 11 survivors (11264K)
 Metaspace       used 101874K, committed 102656K, reserved 1179648K
  class space    used 13508K, committed 13888K, reserved 1048576K
}
Event: 105.873 GC heap after
{Heap after GC invocations=63 (full 0):
 garbage-first heap   total 393216K, used 159767K [0x00000000a0000000, 0x0000000100000000)
  region size 1024K, 10 young (10240K), 10 survivors (10240K)
 Metaspace       used 101874K, committed 102656K, reserved 1179648K
  class space    used 13508K, committed 13888K, reserved 1048576K
}
Event: 107.894 GC heap before
{Heap before GC invocations=63 (full 0):
 garbage-first heap   total 393216K, used 331799K [0x00000000a0000000, 0x0000000100000000)
  region size 1024K, 178 young (182272K), 10 survivors (10240K)
 Metaspace       used 101874K, committed 102656K, reserved 1179648K
  class space    used 13508K, committed 13888K, reserved 1048576K
}
Event: 107.897 GC heap after
{Heap after GC invocations=64 (full 0):
 garbage-first heap   total 393216K, used 159563K [0x00000000a0000000, 0x0000000100000000)
  region size 1024K, 10 young (10240K), 10 survivors (10240K)
 Metaspace       used 101874K, committed 102656K, reserved 1179648K
  class space    used 13508K, committed 13888K, reserved 1048576K
}
Event: 111.047 GC heap before
{Heap before GC invocations=64 (full 0):
 garbage-first heap   total 393216K, used 335691K [0x00000000a0000000, 0x0000000100000000)
  region size 1024K, 182 young (186368K), 10 survivors (10240K)
 Metaspace       used 102023K, committed 102784K, reserved 1179648K
  class space    used 13532K, committed 13888K, reserved 1048576K
}
Event: 111.051 GC heap after
{Heap after GC invocations=65 (full 0):
 garbage-first heap   total 393216K, used 159730K [0x00000000a0000000, 0x0000000100000000)
  region size 1024K, 10 young (10240K), 10 survivors (10240K)
 Metaspace       used 102023K, committed 102784K, reserved 1179648K
  class space    used 13532K, committed 13888K, reserved 1048576K
}
Event: 111.523 GC heap before
{Heap before GC invocations=65 (full 0):
 garbage-first heap   total 393216K, used 216050K [0x00000000a0000000, 0x0000000100000000)
  region size 1024K, 62 young (63488K), 10 survivors (10240K)
 Metaspace       used 105725K, committed 106496K, reserved 1179648K
  class space    used 14013K, committed 14400K, reserved 1048576K
}
Event: 111.527 GC heap after
{Heap after GC invocations=66 (full 0):
 garbage-first heap   total 393216K, used 156490K [0x00000000a0000000, 0x0000000100000000)
  region size 1024K, 7 young (7168K), 7 survivors (7168K)
 Metaspace       used 105725K, committed 106496K, reserved 1179648K
  class space    used 14013K, committed 14400K, reserved 1048576K
}
Event: 124.703 GC heap before
{Heap before GC invocations=67 (full 0):
 garbage-first heap   total 393216K, used 337738K [0x00000000a0000000, 0x0000000100000000)
  region size 1024K, 185 young (189440K), 7 survivors (7168K)
 Metaspace       used 106414K, committed 107136K, reserved 1179648K
  class space    used 14068K, committed 14400K, reserved 1048576K
}
Event: 124.708 GC heap after
{Heap after GC invocations=68 (full 0):
 garbage-first heap   total 393216K, used 160920K [0x00000000a0000000, 0x0000000100000000)
  region size 1024K, 11 young (11264K), 11 survivors (11264K)
 Metaspace       used 106414K, committed 107136K, reserved 1179648K
  class space    used 14068K, committed 14400K, reserved 1048576K
}
Event: 124.735 GC heap before
{Heap before GC invocations=68 (full 0):
 garbage-first heap   total 393216K, used 168088K [0x00000000a0000000, 0x0000000100000000)
  region size 1024K, 19 young (19456K), 11 survivors (11264K)
 Metaspace       used 106418K, committed 107136K, reserved 1179648K
  class space    used 14068K, committed 14400K, reserved 1048576K
}
Event: 124.740 GC heap after
{Heap after GC invocations=69 (full 0):
 garbage-first heap   total 393216K, used 159359K [0x00000000a0000000, 0x0000000100000000)
  region size 1024K, 2 young (2048K), 2 survivors (2048K)
 Metaspace       used 106418K, committed 107136K, reserved 1179648K
  class space    used 14068K, committed 14400K, reserved 1048576K
}
Event: 125.639 GC heap before
{Heap before GC invocations=69 (full 0):
 garbage-first heap   total 393216K, used 337535K [0x00000000a0000000, 0x0000000100000000)
  region size 1024K, 177 young (181248K), 2 survivors (2048K)
 Metaspace       used 106699K, committed 107456K, reserved 1179648K
  class space    used 14115K, committed 14464K, reserved 1048576K
}
Event: 125.641 GC heap after
{Heap after GC invocations=70 (full 0):
 garbage-first heap   total 393216K, used 159487K [0x00000000a0000000, 0x0000000100000000)
  region size 1024K, 2 young (2048K), 2 survivors (2048K)
 Metaspace       used 106699K, committed 107456K, reserved 1179648K
  class space    used 14115K, committed 14464K, reserved 1048576K
}
Event: 126.486 GC heap before
{Heap before GC invocations=70 (full 0):
 garbage-first heap   total 393216K, used 296703K [0x00000000a0000000, 0x0000000100000000)
  region size 1024K, 138 young (141312K), 2 survivors (2048K)
 Metaspace       used 108434K, committed 109312K, reserved 1179648K
  class space    used 14311K, committed 14720K, reserved 1048576K
}
Event: 126.492 GC heap after
{Heap after GC invocations=71 (full 0):
 garbage-first heap   total 393216K, used 172256K [0x00000000a0000000, 0x0000000100000000)
  region size 1024K, 15 young (15360K), 15 survivors (15360K)
 Metaspace       used 108434K, committed 109312K, reserved 1179648K
  class space    used 14311K, committed 14720K, reserved 1048576K
}

